<?xml version="1.0" encoding="UTF-8" standalone="yes" ?>
<test-results name="D:\OneDrive - Etec Centro Paula Souza\Git Projetos\Delphi\Teste_Unitario\Delphi-Testes_Unitarios\Win32\Debug\Project2.exe" total="5" errors="0" failures="0" ignored="0" inconclusive="0" not-run="0" skipped="0" invalid="0" date="2023-03-10" time="4.669">
  <culture-info current-culture="en" current-uiculture="en" />
  <test-suite type="Assembly" name="Project2.exe" executed="true" result="Success" success="True" time="4.669" asserts="0">
    <results>
        <test-suite type="Namespace" name="Unit2" executed="true" result="Success" success="True" time="4.669" asserts="0" >
          <results>
              <test-suite type="Fixture" name="TMyTestObject" executed="True" result="Success" success="True" time="4.669" >
                <results>
                  <test-case name="TesteTratarCPF" executed="True" result="Success" success="True" time="0.001" asserts="0" />
                  <test-case name="TratarCPF.CaseCPF" executed="True" result="Success" success="True" time="0.000" asserts="0" />
                  <test-case name="TratarCPF.CaseCNPJ" executed="True" result="Success" success="True" time="0.000" asserts="0" />
                  <test-case name="ValidaNome" executed="True" result="Success" success="True" time="0.000" asserts="0" />
                  <test-case name="ValidarCampos" executed="True" result="Success" success="True" time="4.668" asserts="0" />
                </results>
              </test-suite>
          </results>
        </test-suite>
    </results>
  </test-suite>
</test-results>
